[+] Containers:
 |- [+] Container: /Game/FirstPerson/Maps/FirstPersonMap
 |   |- [+] ActorDescs:
 |   |   |- Guid:01A8CA9F47F84E0961BBD292E1FB47EB BaseClass: NativeClass:/Script/Diplom.ComponentOfMechanism Name:BP_Expander_C_UAID_18C04DD86B77BF5601_1637793599 Label:BP_Expander2 SpatiallyLoaded:1 Bounds:IsValid=true, Min=(X=264.640 Y=126.010 Z=33.542), Max=(X=307.382 Y=152.783 Z=74.600) RuntimeGrid:None EditorOnly:0 RuntimeOnly:0 HLODRelevant:0
 |   |   |- Guid:02FFD4094928DE9B5D93249E85ED34CB BaseClass: NativeClass:/Script/Engine.StaticMeshActor Name:StaticMeshActor_UAID_18C04DD86B77935601_2035854880 Label:sceneforUE_Cube_053 SpatiallyLoaded:1 Bounds:IsValid=true, Min=(X=867.477 Y=172.128 Z=4.406), Max=(X=897.434 Y=194.383 Z=36.900) RuntimeGrid:None EditorOnly:0 RuntimeOnly:0 HLODRelevant:1
 |   |   |- Guid:13F40C7241F9A80D3E971DBC21FCAFB0 BaseClass: NativeClass:/Script/Engine.SkyAtmosphere Name:SkyAtmosphere_0 Label:SkyAtmosphere SpatiallyLoaded:0 Bounds:IsValid=true, Min=(X=0.000 Y=0.000 Z=1020.000), Max=(X=0.000 Y=0.000 Z=1020.000) RuntimeGrid:None EditorOnly:0 RuntimeOnly:0 HLODRelevant:0 FolderPath:Lighting FolderGuid:D9E1224C415FCB205E4105B3245ADAAB
 |   |   |- Guid:150B415F4C6F6523DB1B8E8B7A511CD6 BaseClass: NativeClass:/Script/Engine.StaticMeshActor Name:StaticMeshActor_UAID_18C04DD86B77935601_2006340873 Label:sceneforUE_Cube_045 SpatiallyLoaded:1 Bounds:IsValid=true, Min=(X=676.484 Y=126.290 Z=47.290), Max=(X=718.245 Y=152.465 Z=73.235) RuntimeGrid:None EditorOnly:0 RuntimeOnly:0 HLODRelevant:1
 |   |   |- Guid:1B3F2ABE4364CEE0DF767A87F9EF3B3E BaseClass: NativeClass:/Script/Engine.RectLight Name:RectLight_UAID_18C04DD86B77625201_1707279004 Label:RectLight SpatiallyLoaded:1 Bounds:IsValid=true, Min=(X=-15273.000 Y=-15985.000 Z=-15788.000), Max=(X=17495.000 Y=16783.000 Z=16980.000) RuntimeGrid:None EditorOnly:0 RuntimeOnly:0 HLODRelevant:0
 |   |   |- Guid:21E6EC414D18F90B7BF8E19D16BF4867 BaseClass: NativeClass:/Script/Diplom.ComponentOfMechanism Name:Testik_C_UAID_18C04DD86B778D5601_1329684797 Label:Testik SpatiallyLoaded:1 Bounds:IsValid=true, Min=(X=394.980 Y=124.936 Z=184.258), Max=(X=427.247 Y=150.728 Z=229.513) RuntimeGrid:None EditorOnly:0 RuntimeOnly:0 HLODRelevant:0
 |   |   |- Guid:22C4F1724348A3818BBA0A939CA01B63 BaseClass: NativeClass:/Script/Engine.WorldDataLayers Name:WorldDataLayers Label:None SpatiallyLoaded:0 Bounds:IsValid=true, Min=(X=0.000 Y=0.000 Z=0.000), Max=(X=0.000 Y=0.000 Z=0.000) RuntimeGrid:None EditorOnly:0 RuntimeOnly:0 HLODRelevant:0
 |   |   |- Guid:22E808ED41C644731A7D0B9053B6AF71 BaseClass: NativeClass:/Script/Diplom.ComponentOfMechanism Name:BP_TrehKlapan_C_UAID_18C04DD86B77C25601_1465738123 Label:BP_TrehKlapan SpatiallyLoaded:1 Bounds:IsValid=true, Min=(X=1025.519 Y=165.867 Z=5.548), Max=(X=1062.600 Y=193.396 Z=31.128) RuntimeGrid:None EditorOnly:0 RuntimeOnly:0 HLODRelevant:0
 |   |   |- Guid:25CD3D434C54223795347DB02F9DAB11 BaseClass: NativeClass:/Script/Engine.StaticMeshActor Name:StaticMeshActor_UAID_18C04DD86B77935601_2062580887 Label:sceneforUE_Cube_062 SpatiallyLoaded:1 Bounds:IsValid=true, Min=(X=1044.877 Y=94.096 Z=1.517), Max=(X=1068.141 Y=185.976 Z=14.685) RuntimeGrid:None EditorOnly:0 RuntimeOnly:0 HLODRelevant:1
 |   |   |- Guid:266836F144FA2767EA2991A084FC7C51 BaseClass: NativeClass:/Script/Engine.StaticMeshActor Name:StaticMeshActor_8 Label:SM_Cube6 SpatiallyLoaded:1 Bounds:IsValid=true, Min=(X=1400.000 Y=65.000 Z=0.000), Max=(X=1500.000 Y=740.000 Z=675.000) RuntimeGrid:None EditorOnly:0 RuntimeOnly:0 HLODRelevant:1 FolderPath:Playground FolderGuid:CDC3EA2D424DF73175D386948543BF31
 |   |   |- Guid:29A35E144BBD0A87E991E5B76A25E7E5 BaseClass: NativeClass:/Script/Engine.StaticMeshActor Name:StaticMeshActor_UAID_18C04DD86B77935601_1860021852 Label:sceneforUE_Cube_022 SpatiallyLoaded:1 Bounds:IsValid=true, Min=(X=1293.492 Y=277.279 Z=47.572), Max=(X=1335.952 Y=323.670 Z=179.143) RuntimeGrid:None EditorOnly:0 RuntimeOnly:0 HLODRelevant:1
 |   |   |- Guid:3138D6374E94BEC367F309938C5EF8FA BaseClass: NativeClass:/Script/Engine.StaticMeshActor Name:StaticMeshActor_UAID_18C04DD86B77935601_2038047881 Label:sceneforUE_Cube_054 SpatiallyLoaded:1 Bounds:IsValid=true, Min=(X=867.194 Y=128.432 Z=4.391), Max=(X=897.519 Y=150.961 Z=37.284) RuntimeGrid:None EditorOnly:0 RuntimeOnly:0 HLODRelevant:1
 |   |   |- Guid:3182A9E94D5D15B42956F8BE454C5325 BaseClass: NativeClass:/Script/Diplom.ComponentOfMechanism Name:BP_Vent_C_UAID_18C04DD86B77BE5601_1634813415 Label:BP_Vent SpatiallyLoaded:1 Bounds:IsValid=true, Min=(X=1218.917 Y=317.713 Z=29.870), Max=(X=1360.696 Y=414.026 Z=182.091) RuntimeGrid:None EditorOnly:0 RuntimeOnly:0 HLODRelevant:0
 |   |   |- Guid:361BFD4049A2EFFF875CFE9AF2B27701 BaseClass: NativeClass:/Script/Engine.StaticMeshActor Name:StaticMeshActor_UAID_18C04DD86B77935601_1927128864 Label:sceneforUE_Cube_035 SpatiallyLoaded:1 Bounds:IsValid=true, Min=(X=726.021 Y=126.628 Z=176.025), Max=(X=755.308 Y=148.385 Z=207.791) RuntimeGrid:None EditorOnly:0 RuntimeOnly:0 HLODRelevant:1
 |   |   |- Guid:36E713E54ED7EC366EA5C89DE0C26F66 BaseClass: NativeClass:/Script/Engine.StaticMeshActor Name:StaticMeshActor_UAID_18C04DD86B77935601_1922813863 Label:sceneforUE_Cube_034 SpatiallyLoaded:1 Bounds:IsValid=true, Min=(X=377.411 Y=128.847 Z=113.425), Max=(X=409.152 Y=150.586 Z=142.689) RuntimeGrid:None EditorOnly:0 RuntimeOnly:0 HLODRelevant:1
 |   |   |- Guid:39F9D7EE4FC9C9D9D969FDA8A718D118 BaseClass: NativeClass:/Script/Diplom.ComponentOfMechanism Name:BP_VentBox_C_UAID_18C04DD86B77935601_1777955847 Label:BP_VentBox SpatiallyLoaded:1 Bounds:IsValid=true, Min=(X=1212.651 Y=191.613 Z=25.568), Max=(X=1364.702 Y=537.211 Z=177.407) RuntimeGrid:None EditorOnly:0 RuntimeOnly:0 HLODRelevant:0
 |   |   |- Guid:47A552B84C06E6C20A2A7F9F29429D25 BaseClass: NativeClass:/Script/Diplom.ComponentOfMechanism Name:BP_Shtorki_C_UAID_18C04DD86B77D95601_1700156167 Label:BP_Shtorki SpatiallyLoaded:1 Bounds:IsValid=true, Min=(X=1216.514 Y=188.947 Z=27.186), Max=(X=1363.082 Y=193.693 Z=170.009) RuntimeGrid:None EditorOnly:0 RuntimeOnly:0 HLODRelevant:0
 |   |   |- Guid:504BBE794EA12881EFB8098567888ACA BaseClass: NativeClass:/Script/Diplom.ComponentOfMechanism Name:BP_Expander_C_UAID_18C04DD86B77BF5601_1591095596 Label:BP_Expander SpatiallyLoaded:1 Bounds:IsValid=true, Min=(X=263.555 Y=124.642 Z=170.154), Max=(X=306.682 Y=151.656 Z=211.583) RuntimeGrid:None EditorOnly:0 RuntimeOnly:0 HLODRelevant:0
 |   |   |- Guid:52E74DF94E9EECAF9464C1BCB5227CCC BaseClass: NativeClass:/Script/Engine.StaticMeshActor Name:StaticMeshActor_3 Label:SM_Cube3 SpatiallyLoaded:1 Bounds:IsValid=true, Min=(X=0.000 Y=711.000 Z=0.000), Max=(X=1425.000 Y=811.000 Z=675.000) RuntimeGrid:None EditorOnly:0 RuntimeOnly:0 HLODRelevant:1 FolderPath:Playground FolderGuid:CDC3EA2D424DF73175D386948543BF31
 |   |   |- Guid:591F4CBE48ED8C9EC5A50B995F3BBA00 BaseClass:/Game/Mechanism/InteractableComponents/BP_MainPipe.BP_MainPipe_C NativeClass:/Script/Diplom.ComponentOfMechanism Name:BP_MainPipe_C_UAID_18C04DD86B77945601_1384763078 Label:BP_MainPipe SpatiallyLoaded:1 Bounds:IsValid=true, Min=(X=140.141 Y=130.379 Z=8.311), Max=(X=1331.188 Y=296.425 Z=204.025) RuntimeGrid:None EditorOnly:0 RuntimeOnly:0 HLODRelevant:0
 |   |   |- Guid:5DD9D960462E50D32ECC0BABD89DF168 BaseClass: NativeClass:/Script/Engine.StaticMeshActor Name:StaticMeshActor_UAID_18C04DD86B77935601_2030298878 Label:sceneforUE_Cube_051 SpatiallyLoaded:1 Bounds:IsValid=true, Min=(X=855.741 Y=128.354 Z=38.252), Max=(X=885.945 Y=150.792 Z=71.014) RuntimeGrid:None EditorOnly:0 RuntimeOnly:0 HLODRelevant:1
 |   |   |- Guid:616554B84D9AF28DF69ABD8837FD26D7 BaseClass: NativeClass:/Script/Engine.ExponentialHeightFog Name:ExponentialHeightFog_0 Label:ExponentialHeightFog SpatiallyLoaded:0 Bounds:IsValid=true, Min=(X=-5600.000 Y=-50.000 Z=-6850.000), Max=(X=-5600.000 Y=-50.000 Z=-6850.000) RuntimeGrid:None EditorOnly:0 RuntimeOnly:0 HLODRelevant:0 FolderPath:Lighting FolderGuid:D9E1224C415FCB205E4105B3245ADAAB
 |   |   |- Guid:61AF31314592AC2C4BA3B0B529DED5F4 BaseClass: NativeClass:/Script/Engine.StaticMeshActor Name:StaticMeshActor_UAID_18C04DD86B77935601_1934626866 Label:sceneforUE_Cube_037 SpatiallyLoaded:1 Bounds:IsValid=true, Min=(X=736.400 Y=172.027 Z=49.884), Max=(X=766.723 Y=194.553 Z=82.774) RuntimeGrid:None EditorOnly:0 RuntimeOnly:0 HLODRelevant:1
 |   |   |- Guid:61CD2C544CB1DD70F453BFA73A670C2D BaseClass: NativeClass:/Script/Diplom.ComponentOfMechanism Name:BP_Switch_C_UAID_18C04DD86B77BF5601_2075657603 Label:BP_Switch2 SpatiallyLoaded:1 Bounds:IsValid=true, Min=(X=180.790 Y=116.202 Z=48.655), Max=(X=212.690 Y=151.289 Z=77.069) RuntimeGrid:None EditorOnly:0 RuntimeOnly:0 HLODRelevant:0
 |   |   |- Guid:6589B6F846E7CF150280A9A18D8587DC BaseClass: NativeClass:/Script/Engine.StaticMeshActor Name:StaticMeshActor_UAID_18C04DD86B77935601_1931017865 Label:sceneforUE_Cube_036 SpatiallyLoaded:1 Bounds:IsValid=true, Min=(X=735.059 Y=128.130 Z=87.718), Max=(X=757.020 Y=157.692 Z=119.782) RuntimeGrid:None EditorOnly:0 RuntimeOnly:0 HLODRelevant:1
 |   |   |- Guid:6E35A9EA4451E52896E96CB3E865F65E BaseClass:/Game/Mechanism/InteractableComponents/BP_PumpTeplo.BP_PumpTeplo_C NativeClass:/Script/Diplom.ComponentOfMechanism Name:BP_PumpTeplo_C_UAID_18C04DD86B77C15601_1767545943 Label:BP_PumpTeplo SpatiallyLoaded:1 Bounds:IsValid=true, Min=(X=573.453 Y=126.963 Z=180.195), Max=(X=636.800 Y=166.534 Z=212.570) RuntimeGrid:None EditorOnly:0 RuntimeOnly:0 HLODRelevant:0
 |   |   |- Guid:6E3D4A70470C8368BE2BC8BA9F148ACE BaseClass: NativeClass:/Script/Diplom.ComponentOfMechanism Name:BP_Filter_C_UAID_18C04DD86B77BF5601_1293963595 Label:BP_Filter2 SpatiallyLoaded:1 Bounds:IsValid=true, Min=(X=450.534 Y=126.830 Z=104.675), Max=(X=497.593 Y=152.625 Z=146.423) RuntimeGrid:None EditorOnly:0 RuntimeOnly:0 HLODRelevant:0
 |   |   |- Guid:6ECFD53A48D5ED95FC47E1AC226AD0DB BaseClass: NativeClass:/Script/Engine.StaticMeshActor Name:StaticMeshActor_UAID_18C04DD86B77935601_2059482886 Label:sceneforUE_Cube_061 SpatiallyLoaded:1 Bounds:IsValid=true, Min=(X=1057.957 Y=65.484 Z=3.537), Max=(X=1099.997 Y=102.266 Z=160.926) RuntimeGrid:None EditorOnly:0 RuntimeOnly:0 HLODRelevant:1
 |   |   |- Guid:75854521468783C291995A8EFCB63F1B BaseClass: NativeClass:/Script/Engine.StaticMeshActor Name:StaticMeshActor_7 Label:SM_Cube5 SpatiallyLoaded:1 Bounds:IsValid=true, Min=(X=60.000 Y=65.000 Z=0.000), Max=(X=160.000 Y=715.000 Z=625.000) RuntimeGrid:None EditorOnly:0 RuntimeOnly:0 HLODRelevant:1 FolderPath:Playground FolderGuid:CDC3EA2D424DF73175D386948543BF31
 |   |   |- Guid:788A832D4440EFEB2DE952A6B29EFD65 BaseClass: NativeClass:/Script/Engine.StaticMeshActor Name:StaticMeshActor_UAID_18C04DD86B77935601_2114281901 Label:sceneforUE_Cube_007 SpatiallyLoaded:1 Bounds:IsValid=true, Min=(X=1215.708 Y=-25.428 Z=25.376), Max=(X=1364.521 Y=196.973 Z=174.188) RuntimeGrid:None EditorOnly:0 RuntimeOnly:0 HLODRelevant:1
 |   |   |- Guid:79D9306C4895C23C745C7BA79C03127F BaseClass: NativeClass:/Script/Diplom.ComponentOfMechanism Name:BP_Fan_C_UAID_18C04DD86B77FF6A01_1570883975 Label:BP_Fan SpatiallyLoaded:1 Bounds:IsValid=true, Min=(X=1247.183 Y=394.448 Z=58.502), Max=(X=1332.564 Y=408.723 Z=145.449) RuntimeGrid:None EditorOnly:0 RuntimeOnly:0 HLODRelevant:0
 |   |   |- Guid:7A699BF944F9DAC273FB4FAD2236D7F8 BaseClass: NativeClass:/Script/Engine.SkyLight Name:SkyLight_0 Label:SkyLight SpatiallyLoaded:0 Bounds:IsValid=true, Min=(X=0.000 Y=0.000 Z=690.000), Max=(X=0.000 Y=0.000 Z=690.000) RuntimeGrid:None EditorOnly:0 RuntimeOnly:0 HLODRelevant:0 FolderPath:Lighting FolderGuid:D9E1224C415FCB205E4105B3245ADAAB
 |   |   |- Guid:7CE274004EAABF92DAC6368C90C52513 BaseClass: NativeClass:/Script/Engine.StaticMeshActor Name:StaticMeshActor_UAID_18C04DD86B77935601_1837649849 Label:sceneforUE_Cube_016 SpatiallyLoaded:1 Bounds:IsValid=true, Min=(X=1152.813 Y=70.909 Z=25.951), Max=(X=1313.831 Y=329.248 Z=182.747) RuntimeGrid:None EditorOnly:0 RuntimeOnly:0 HLODRelevant:1
 |   |   |- Guid:8974E62A432CC41EC0B6CD8CA8718264 BaseClass: NativeClass:/Script/Engine.StaticMeshActor Name:StaticMeshActor_UAID_18C04DD86B77935601_2023826877 Label:sceneforUE_Cube_050 SpatiallyLoaded:1 Bounds:IsValid=true, Min=(X=353.725 Y=125.149 Z=184.101), Max=(X=395.486 Y=151.324 Z=210.046) RuntimeGrid:None EditorOnly:0 RuntimeOnly:0 HLODRelevant:1
 |   |   |- Guid:97FF78FB4EC8F13EF6751DB180B1CE46 BaseClass: NativeClass:/Script/Engine.DirectionalLight Name:DirectionalLight_0 Label:DirectionalLight SpatiallyLoaded:0 Bounds:IsValid=true, Min=(X=-1048576.000 Y=-1048576.000 Z=-1048576.000), Max=(X=1048576.000 Y=1048576.000 Z=1048576.000) RuntimeGrid:None EditorOnly:0 RuntimeOnly:0 HLODRelevant:0 FolderPath:Lighting FolderGuid:D9E1224C415FCB205E4105B3245ADAAB
 |   |   |- Guid:9AE2ECF643C89A3106D807A191246F3E BaseClass: NativeClass:/Script/Diplom.ComponentOfMechanism Name:BP_Switch_C_UAID_18C04DD86B77BF5601_2138062605 Label:BP_Switch4 SpatiallyLoaded:1 Bounds:IsValid=true, Min=(X=812.422 Y=116.092 Z=48.655), Max=(X=844.322 Y=151.179 Z=77.069) RuntimeGrid:None EditorOnly:0 RuntimeOnly:0 HLODRelevant:0
 |   |   |- Guid:9BABDB314D872CEB9C2E76AD9A362E44 BaseClass: NativeClass:/Script/Diplom.ComponentOfMechanism Name:BP_Switch_C_UAID_18C04DD86B77BF5601_1999523600 Label:BP_Switch SpatiallyLoaded:1 Bounds:IsValid=true, Min=(X=180.790 Y=113.817 Z=185.562), Max=(X=212.690 Y=148.904 Z=213.975) RuntimeGrid:None EditorOnly:0 RuntimeOnly:0 HLODRelevant:0
 |   |   |- Guid:9E53D06E446307A9123C3AB41914FCBF BaseClass: NativeClass:/Script/Engine.RectLight Name:RectLight_UAID_18C04DD86B77FE7501_1969468415 Label:RectLight2 SpatiallyLoaded:1 Bounds:IsValid=true, Min=(X=-15975.000 Y=-15984.000 Z=-15788.000), Max=(X=16793.000 Y=16784.000 Z=16980.000) RuntimeGrid:None EditorOnly:0 RuntimeOnly:0 HLODRelevant:0
 |   |   |- Guid:9FC0E5A04B5C426BD8398396952183D3 BaseClass: NativeClass:/Script/Engine.StaticMeshActor Name:StaticMeshActor_0 Label:SM_Cube SpatiallyLoaded:1 Bounds:IsValid=true, Min=(X=0.000 Y=0.000 Z=-50.000), Max=(X=1425.000 Y=725.000 Z=0.000) RuntimeGrid:None EditorOnly:0 RuntimeOnly:0 HLODRelevant:1 FolderPath:Playground FolderGuid:CDC3EA2D424DF73175D386948543BF31
 |   |   |- Guid:A193674B480A39A47551D39FB4DFCD99 BaseClass: NativeClass:/Script/Engine.StaticMeshActor Name:StaticMeshActor_UAID_A4AE111137DC5FFB00_1159438599 Label:SM_SkySphere SpatiallyLoaded:1 Bounds:IsValid=true, Min=(X=-1638400.000 Y=-1638400.000 Z=-1638400.000), Max=(X=1638400.000 Y=1638400.000 Z=1638400.000) RuntimeGrid:None EditorOnly:0 RuntimeOnly:0 HLODRelevant:1 FolderPath:Lighting FolderGuid:D9E1224C415FCB205E4105B3245ADAAB
 |   |   |- Guid:A30D49854E1666E9920E439E199CED70 BaseClass: NativeClass:/Script/Engine.StaticMeshActor Name:StaticMeshActor_UAID_18C04DD86B77935601_1942647868 Label:sceneforUE_Cube_039 SpatiallyLoaded:1 Bounds:IsValid=true, Min=(X=1100.785 Y=61.847 Z=141.249), Max=(X=1151.094 Y=86.989 Z=176.914) RuntimeGrid:None EditorOnly:0 RuntimeOnly:0 HLODRelevant:1
 |   |   |- Guid:A5FCDC664219DC8AAD6D739ADEF9C627 BaseClass: NativeClass:/Script/Engine.PlayerStart Name:PlayerStart_0 Label:PlayerStart SpatiallyLoaded:0 Bounds:IsValid=true, Min=(X=475.647 Y=486.647 Z=0.013), Max=(X=588.353 Y=599.353 Z=184.013) RuntimeGrid:None EditorOnly:0 RuntimeOnly:0 HLODRelevant:0
 |   |   |- Guid:A62AF7F04CA25EAE9C62E9AE3B34F212 BaseClass: NativeClass:/Script/Engine.StaticMeshActor Name:StaticMeshActor_UAID_18C04DD86B778D5601_1158364793 Label:sceneforUE_Cube_006 SpatiallyLoaded:1 Bounds:IsValid=true, Min=(X=1241.706 Y=536.597 Z=51.816), Max=(X=1338.462 Y=750.524 Z=423.973) RuntimeGrid:None EditorOnly:0 RuntimeOnly:0 HLODRelevant:1
 |   |   |- Guid:ACF7B1024ACA567F62D5F0B137084112 BaseClass: NativeClass:/Script/Engine.StaticMeshActor Name:StaticMeshActor_UAID_18C04DD86B77935601_2033503879 Label:sceneforUE_Cube_052 SpatiallyLoaded:1 Bounds:IsValid=true, Min=(X=856.708 Y=172.128 Z=39.162), Max=(X=886.198 Y=194.036 Z=71.148) RuntimeGrid:None EditorOnly:0 RuntimeOnly:0 HLODRelevant:1
 |   |   |- Guid:B270D10F450C158A9784E182462917E7 BaseClass: NativeClass:/Script/Engine.StaticMeshActor Name:StaticMeshActor_UAID_18C04DD86B77935601_1918301862 Label:sceneforUE_Cube_033 SpatiallyLoaded:1 Bounds:IsValid=true, Min=(X=502.717 Y=128.507 Z=123.912), Max=(X=534.406 Y=150.211 Z=153.126) RuntimeGrid:None EditorOnly:0 RuntimeOnly:0 HLODRelevant:1
 |   |   |- Guid:B326783D46A6A43F55CCC9AB2A4C1863 BaseClass: NativeClass:/Script/Engine.VolumetricCloud Name:VolumetricCloud_0 Label:VolumetricCloud SpatiallyLoaded:0 Bounds:IsValid=true, Min=(X=0.000 Y=0.000 Z=820.000), Max=(X=0.000 Y=0.000 Z=820.000) RuntimeGrid:None EditorOnly:0 RuntimeOnly:0 HLODRelevant:0 FolderPath:Lighting FolderGuid:D9E1224C415FCB205E4105B3245ADAAB
 |   |   |- Guid:B434206C4182D8546442C5A1B3B25E2C BaseClass: NativeClass:/Script/Diplom.ComponentOfMechanism Name:BP_Switch_C_UAID_18C04DD86B77BF5601_2104787604 Label:BP_Switch3 SpatiallyLoaded:1 Bounds:IsValid=true, Min=(X=412.137 Y=116.202 Z=121.300), Max=(X=444.037 Y=151.289 Z=149.713) RuntimeGrid:None EditorOnly:0 RuntimeOnly:0 HLODRelevant:0
 |   |   |- Guid:B508F44440825D4CC2CF5586685300AD BaseClass: NativeClass:/Script/Engine.StaticMeshActor Name:StaticMeshActor_UAID_18C04DD86B77935601_2001901872 Label:sceneforUE_Cube_044 SpatiallyLoaded:1 Bounds:IsValid=true, Min=(X=223.004 Y=126.726 Z=47.556), Max=(X=264.765 Y=152.901 Z=73.501) RuntimeGrid:None EditorOnly:0 RuntimeOnly:0 HLODRelevant:1
 |   |   |- Guid:BDD6866F44E3191EB0A87D989B5C2654 BaseClass: NativeClass:/Script/GeometryCache.GeometryCacheActor Name:GeometryCacheActor_UAID_18C04DD86B77D17701_1607160609 Label:fluid1 SpatiallyLoaded:1 Bounds:IsValid=true, Min=(X=905.580 Y=315.028 Z=24.530), Max=(X=915.797 Y=325.146 Z=375.747) RuntimeGrid:None EditorOnly:0 RuntimeOnly:0 HLODRelevant:0
 |   |   |- Guid:C009A810491A8058E49EFFA39A083682 BaseClass: NativeClass:/Script/Diplom.ComponentOfMechanism Name:BP_Switch_C_UAID_18C04DD86B77C05601_1130808782 Label:BP_Switch5 SpatiallyLoaded:1 Bounds:IsValid=true, Min=(X=812.458 Y=159.728 Z=48.655), Max=(X=844.359 Y=194.815 Z=77.069) RuntimeGrid:None EditorOnly:0 RuntimeOnly:0 HLODRelevant:0
 |   |   |- Guid:C046B72742196A253AF79D8579AD89C5 BaseClass: NativeClass:/Script/Engine.StaticMeshActor Name:StaticMeshActor_UAID_18C04DD86B77935601_2010988874 Label:sceneforUE_Cube_046 SpatiallyLoaded:1 Bounds:IsValid=true, Min=(X=767.259 Y=170.054 Z=47.761), Max=(X=809.019 Y=196.229 Z=73.706) RuntimeGrid:None EditorOnly:0 RuntimeOnly:0 HLODRelevant:1
 |   |   |- Guid:CDC290334FAA2557343A1181CA8C7F4B BaseClass: NativeClass:/Script/Engine.StaticMeshActor Name:StaticMeshActor_2 Label:SM_Cube2 SpatiallyLoaded:1 Bounds:IsValid=true, Min=(X=0.000 Y=-35.000 Z=0.000), Max=(X=1425.000 Y=65.000 Z=675.000) RuntimeGrid:None EditorOnly:0 RuntimeOnly:0 HLODRelevant:1 FolderPath:Playground FolderGuid:CDC3EA2D424DF73175D386948543BF31
 |   |   |- Guid:D9FB529F42D1DC0B049F259BA01E4357 BaseClass: NativeClass:/Script/Engine.StaticMeshActor Name:StaticMeshActor_UAID_18C04DD86B77935601_1896948859 Label:sceneforUE_Cube_029 SpatiallyLoaded:1 Bounds:IsValid=true, Min=(X=504.959 Y=130.027 Z=180.884), Max=(X=540.787 Y=147.017 Z=206.673) RuntimeGrid:None EditorOnly:0 RuntimeOnly:0 HLODRelevant:1
 |   |   |- Guid:DE79D331464EEFE023B53883F50C9537 BaseClass: NativeClass:/Script/Engine.StaticMeshActor Name:StaticMeshActor_UAID_18C04DD86B77935601_1990132870 Label:sceneforUE_Cube_041 SpatiallyLoaded:1 Bounds:IsValid=true, Min=(X=221.753 Y=124.577 Z=184.445), Max=(X=263.513 Y=150.752 Z=210.390) RuntimeGrid:None EditorOnly:0 RuntimeOnly:0 HLODRelevant:1
 |   |   |- Guid:E0A9CED44BC05CC55BCA28BCBE7F42B6 BaseClass: NativeClass:/Script/Engine.StaticMeshActor Name:StaticMeshActor_UAID_18C04DD86B77935601_1903087860 Label:sceneforUE_Cube_030 SpatiallyLoaded:1 Bounds:IsValid=true, Min=(X=369.891 Y=131.278 Z=51.450), Max=(X=405.719 Y=148.267 Z=77.238) RuntimeGrid:None EditorOnly:0 RuntimeOnly:0 HLODRelevant:1
 |   |   |- Guid:E208C52541A999AFEAAF47BCD8081622 BaseClass: NativeClass:/Script/Engine.StaticMeshActor Name:StaticMeshActor_UAID_18C04DD86B77935601_2066000888 Label:sceneforUE_Cube_063 SpatiallyLoaded:1 Bounds:IsValid=true, Min=(X=1057.335 Y=89.301 Z=1.106), Max=(X=1121.814 Y=181.832 Z=13.683) RuntimeGrid:None EditorOnly:0 RuntimeOnly:0 HLODRelevant:1
 |   |   |- Guid:E42407464BE89059C30D059FB5D07899 BaseClass:/Game/Mechanism/InteractableComponents/BP_PumpTeplo.BP_PumpTeplo_C NativeClass:/Script/Diplom.ComponentOfMechanism Name:BP_PumpTeplo_C_UAID_18C04DD86B77C15601_2059003946 Label:BP_PumpTeplo2 SpatiallyLoaded:1 Bounds:IsValid=true, Min=(X=1103.025 Y=167.499 Z=4.282), Max=(X=1166.372 Y=199.894 Z=43.914) RuntimeGrid:None EditorOnly:0 RuntimeOnly:0 HLODRelevant:0
 |   |   |- Guid:E886673240514807750123A5E171A244 BaseClass: NativeClass:/Script/Engine.StaticMeshActor Name:StaticMeshActor_UAID_18C04DD86B77935601_2019681876 Label:sceneforUE_Cube_049 SpatiallyLoaded:1 Bounds:IsValid=true, Min=(X=867.207 Y=61.847 Z=141.249), Max=(X=917.516 Y=86.989 Z=176.914) RuntimeGrid:None EditorOnly:0 RuntimeOnly:0 HLODRelevant:1
 |   |   |- Guid:EB227244421CFA8105A752A14DBE10FA BaseClass: NativeClass:/Script/Engine.StaticMeshActor Name:StaticMeshActor_UAID_18C04DD86B77935601_1867072853 Label:sceneforUE_Cube_023 SpatiallyLoaded:1 Bounds:IsValid=true, Min=(X=1024.779 Y=130.157 Z=6.750), Max=(X=1060.606 Y=155.945 Z=23.740) RuntimeGrid:None EditorOnly:0 RuntimeOnly:0 HLODRelevant:1
 |   |   |- Guid:EF21477E44343D887F9B75B582D6D5E4 BaseClass: NativeClass:/Script/Diplom.ComponentOfMechanism Name:BP_Filter_C_UAID_18C04DD86B77BE5601_2077590416 Label:BP_Filter SpatiallyLoaded:1 Bounds:IsValid=true, Min=(X=306.744 Y=125.220 Z=168.353), Max=(X=353.803 Y=151.015 Z=210.101) RuntimeGrid:None EditorOnly:0 RuntimeOnly:0 HLODRelevant:0
 |   |   |- Guid:F7ECB91B42B48AD200617791BB6C22A6 BaseClass: NativeClass:/Script/Engine.StaticMeshActor Name:StaticMeshActor_UAID_18C04DD86B77625201_1428605999 Label:SM_Cube4 SpatiallyLoaded:1 Bounds:IsValid=true, Min=(X=10.000 Y=0.000 Z=600.000), Max=(X=1435.000 Y=725.000 Z=650.000) RuntimeGrid:None EditorOnly:0 RuntimeOnly:0 HLODRelevant:1 FolderPath:Playground FolderGuid:CDC3EA2D424DF73175D386948543BF31
 |   |   |- Guid:F82C173F4845B139A3B980936BE4A9B7 BaseClass: NativeClass:/Script/Engine.StaticMeshActor Name:StaticMeshActor_UAID_18C04DD86B77935601_2015148875 Label:sceneforUE_Cube_048 SpatiallyLoaded:1 Bounds:IsValid=true, Min=(X=427.060 Y=125.383 Z=184.507), Max=(X=467.958 Y=151.018 Z=209.916) RuntimeGrid:None EditorOnly:0 RuntimeOnly:0 HLODRelevant:1
 |   |- [+] Clusters:
 |   |   |- [+] [  0]
 |   |   |   |- Guid:9AE2ECF643C89A3106D807A191246F3E BaseClass: NativeClass:/Script/Diplom.ComponentOfMechanism Name:BP_Switch_C_UAID_18C04DD86B77BF5601_2138062605 Label:BP_Switch4 SpatiallyLoaded:1 Bounds:IsValid=true, Min=(X=812.422 Y=116.092 Z=48.655), Max=(X=844.322 Y=151.179 Z=77.069) RuntimeGrid:None EditorOnly:0 RuntimeOnly:0 HLODRelevant:0
 |   |   |- [+] [  1]
 |   |   |   |- Guid:7CE274004EAABF92DAC6368C90C52513 BaseClass: NativeClass:/Script/Engine.StaticMeshActor Name:StaticMeshActor_UAID_18C04DD86B77935601_1837649849 Label:sceneforUE_Cube_016 SpatiallyLoaded:1 Bounds:IsValid=true, Min=(X=1152.813 Y=70.909 Z=25.951), Max=(X=1313.831 Y=329.248 Z=182.747) RuntimeGrid:None EditorOnly:0 RuntimeOnly:0 HLODRelevant:1
 |   |   |- [+] [  2]
 |   |   |   |- Guid:616554B84D9AF28DF69ABD8837FD26D7 BaseClass: NativeClass:/Script/Engine.ExponentialHeightFog Name:ExponentialHeightFog_0 Label:ExponentialHeightFog SpatiallyLoaded:0 Bounds:IsValid=true, Min=(X=-5600.000 Y=-50.000 Z=-6850.000), Max=(X=-5600.000 Y=-50.000 Z=-6850.000) RuntimeGrid:None EditorOnly:0 RuntimeOnly:0 HLODRelevant:0 FolderPath:Lighting FolderGuid:D9E1224C415FCB205E4105B3245ADAAB
 |   |   |- [+] [  3]
 |   |   |   |- Guid:B326783D46A6A43F55CCC9AB2A4C1863 BaseClass: NativeClass:/Script/Engine.VolumetricCloud Name:VolumetricCloud_0 Label:VolumetricCloud SpatiallyLoaded:0 Bounds:IsValid=true, Min=(X=0.000 Y=0.000 Z=820.000), Max=(X=0.000 Y=0.000 Z=820.000) RuntimeGrid:None EditorOnly:0 RuntimeOnly:0 HLODRelevant:0 FolderPath:Lighting FolderGuid:D9E1224C415FCB205E4105B3245ADAAB
 |   |   |- [+] [  4]
 |   |   |   |- Guid:9E53D06E446307A9123C3AB41914FCBF BaseClass: NativeClass:/Script/Engine.RectLight Name:RectLight_UAID_18C04DD86B77FE7501_1969468415 Label:RectLight2 SpatiallyLoaded:1 Bounds:IsValid=true, Min=(X=-15975.000 Y=-15984.000 Z=-15788.000), Max=(X=16793.000 Y=16784.000 Z=16980.000) RuntimeGrid:None EditorOnly:0 RuntimeOnly:0 HLODRelevant:0
 |   |   |- [+] [  5]
 |   |   |   |- Guid:75854521468783C291995A8EFCB63F1B BaseClass: NativeClass:/Script/Engine.StaticMeshActor Name:StaticMeshActor_7 Label:SM_Cube5 SpatiallyLoaded:1 Bounds:IsValid=true, Min=(X=60.000 Y=65.000 Z=0.000), Max=(X=160.000 Y=715.000 Z=625.000) RuntimeGrid:None EditorOnly:0 RuntimeOnly:0 HLODRelevant:1 FolderPath:Playground FolderGuid:CDC3EA2D424DF73175D386948543BF31
 |   |   |- [+] [  6]
 |   |   |   |- Guid:591F4CBE48ED8C9EC5A50B995F3BBA00 BaseClass:/Game/Mechanism/InteractableComponents/BP_MainPipe.BP_MainPipe_C NativeClass:/Script/Diplom.ComponentOfMechanism Name:BP_MainPipe_C_UAID_18C04DD86B77945601_1384763078 Label:BP_MainPipe SpatiallyLoaded:1 Bounds:IsValid=true, Min=(X=140.141 Y=130.379 Z=8.311), Max=(X=1331.188 Y=296.425 Z=204.025) RuntimeGrid:None EditorOnly:0 RuntimeOnly:0 HLODRelevant:0
 |   |   |- [+] [  7]
 |   |   |   |- Guid:79D9306C4895C23C745C7BA79C03127F BaseClass: NativeClass:/Script/Diplom.ComponentOfMechanism Name:BP_Fan_C_UAID_18C04DD86B77FF6A01_1570883975 Label:BP_Fan SpatiallyLoaded:1 Bounds:IsValid=true, Min=(X=1247.183 Y=394.448 Z=58.502), Max=(X=1332.564 Y=408.723 Z=145.449) RuntimeGrid:None EditorOnly:0 RuntimeOnly:0 HLODRelevant:0
 |   |   |- [+] [  8]
 |   |   |   |- Guid:ACF7B1024ACA567F62D5F0B137084112 BaseClass: NativeClass:/Script/Engine.StaticMeshActor Name:StaticMeshActor_UAID_18C04DD86B77935601_2033503879 Label:sceneforUE_Cube_052 SpatiallyLoaded:1 Bounds:IsValid=true, Min=(X=856.708 Y=172.128 Z=39.162), Max=(X=886.198 Y=194.036 Z=71.148) RuntimeGrid:None EditorOnly:0 RuntimeOnly:0 HLODRelevant:1
 |   |   |- [+] [  9]
 |   |   |   |- Guid:29A35E144BBD0A87E991E5B76A25E7E5 BaseClass: NativeClass:/Script/Engine.StaticMeshActor Name:StaticMeshActor_UAID_18C04DD86B77935601_1860021852 Label:sceneforUE_Cube_022 SpatiallyLoaded:1 Bounds:IsValid=true, Min=(X=1293.492 Y=277.279 Z=47.572), Max=(X=1335.952 Y=323.670 Z=179.143) RuntimeGrid:None EditorOnly:0 RuntimeOnly:0 HLODRelevant:1
 |   |   |- [+] [ 10]
 |   |   |   |- Guid:B270D10F450C158A9784E182462917E7 BaseClass: NativeClass:/Script/Engine.StaticMeshActor Name:StaticMeshActor_UAID_18C04DD86B77935601_1918301862 Label:sceneforUE_Cube_033 SpatiallyLoaded:1 Bounds:IsValid=true, Min=(X=502.717 Y=128.507 Z=123.912), Max=(X=534.406 Y=150.211 Z=153.126) RuntimeGrid:None EditorOnly:0 RuntimeOnly:0 HLODRelevant:1
 |   |   |- [+] [ 11]
 |   |   |   |- Guid:01A8CA9F47F84E0961BBD292E1FB47EB BaseClass: NativeClass:/Script/Diplom.ComponentOfMechanism Name:BP_Expander_C_UAID_18C04DD86B77BF5601_1637793599 Label:BP_Expander2 SpatiallyLoaded:1 Bounds:IsValid=true, Min=(X=264.640 Y=126.010 Z=33.542), Max=(X=307.382 Y=152.783 Z=74.600) RuntimeGrid:None EditorOnly:0 RuntimeOnly:0 HLODRelevant:0
 |   |   |- [+] [ 12]
 |   |   |   |- Guid:02FFD4094928DE9B5D93249E85ED34CB BaseClass: NativeClass:/Script/Engine.StaticMeshActor Name:StaticMeshActor_UAID_18C04DD86B77935601_2035854880 Label:sceneforUE_Cube_053 SpatiallyLoaded:1 Bounds:IsValid=true, Min=(X=867.477 Y=172.128 Z=4.406), Max=(X=897.434 Y=194.383 Z=36.900) RuntimeGrid:None EditorOnly:0 RuntimeOnly:0 HLODRelevant:1
 |   |   |- [+] [ 13]
 |   |   |   |- Guid:361BFD4049A2EFFF875CFE9AF2B27701 BaseClass: NativeClass:/Script/Engine.StaticMeshActor Name:StaticMeshActor_UAID_18C04DD86B77935601_1927128864 Label:sceneforUE_Cube_035 SpatiallyLoaded:1 Bounds:IsValid=true, Min=(X=726.021 Y=126.628 Z=176.025), Max=(X=755.308 Y=148.385 Z=207.791) RuntimeGrid:None EditorOnly:0 RuntimeOnly:0 HLODRelevant:1
 |   |   |- [+] [ 14]
 |   |   |   |- Guid:3138D6374E94BEC367F309938C5EF8FA BaseClass: NativeClass:/Script/Engine.StaticMeshActor Name:StaticMeshActor_UAID_18C04DD86B77935601_2038047881 Label:sceneforUE_Cube_054 SpatiallyLoaded:1 Bounds:IsValid=true, Min=(X=867.194 Y=128.432 Z=4.391), Max=(X=897.519 Y=150.961 Z=37.284) RuntimeGrid:None EditorOnly:0 RuntimeOnly:0 HLODRelevant:1
 |   |   |- [+] [ 15]
 |   |   |   |- Guid:52E74DF94E9EECAF9464C1BCB5227CCC BaseClass: NativeClass:/Script/Engine.StaticMeshActor Name:StaticMeshActor_3 Label:SM_Cube3 SpatiallyLoaded:1 Bounds:IsValid=true, Min=(X=0.000 Y=711.000 Z=0.000), Max=(X=1425.000 Y=811.000 Z=675.000) RuntimeGrid:None EditorOnly:0 RuntimeOnly:0 HLODRelevant:1 FolderPath:Playground FolderGuid:CDC3EA2D424DF73175D386948543BF31
 |   |   |- [+] [ 16]
 |   |   |   |- Guid:C009A810491A8058E49EFFA39A083682 BaseClass: NativeClass:/Script/Diplom.ComponentOfMechanism Name:BP_Switch_C_UAID_18C04DD86B77C05601_1130808782 Label:BP_Switch5 SpatiallyLoaded:1 Bounds:IsValid=true, Min=(X=812.458 Y=159.728 Z=48.655), Max=(X=844.359 Y=194.815 Z=77.069) RuntimeGrid:None EditorOnly:0 RuntimeOnly:0 HLODRelevant:0
 |   |   |- [+] [ 17]
 |   |   |   |- Guid:8974E62A432CC41EC0B6CD8CA8718264 BaseClass: NativeClass:/Script/Engine.StaticMeshActor Name:StaticMeshActor_UAID_18C04DD86B77935601_2023826877 Label:sceneforUE_Cube_050 SpatiallyLoaded:1 Bounds:IsValid=true, Min=(X=353.725 Y=125.149 Z=184.101), Max=(X=395.486 Y=151.324 Z=210.046) RuntimeGrid:None EditorOnly:0 RuntimeOnly:0 HLODRelevant:1
 |   |   |- [+] [ 18]
 |   |   |   |- Guid:25CD3D434C54223795347DB02F9DAB11 BaseClass: NativeClass:/Script/Engine.StaticMeshActor Name:StaticMeshActor_UAID_18C04DD86B77935601_2062580887 Label:sceneforUE_Cube_062 SpatiallyLoaded:1 Bounds:IsValid=true, Min=(X=1044.877 Y=94.096 Z=1.517), Max=(X=1068.141 Y=185.976 Z=14.685) RuntimeGrid:None EditorOnly:0 RuntimeOnly:0 HLODRelevant:1
 |   |   |- [+] [ 19]
 |   |   |   |- Guid:A30D49854E1666E9920E439E199CED70 BaseClass: NativeClass:/Script/Engine.StaticMeshActor Name:StaticMeshActor_UAID_18C04DD86B77935601_1942647868 Label:sceneforUE_Cube_039 SpatiallyLoaded:1 Bounds:IsValid=true, Min=(X=1100.785 Y=61.847 Z=141.249), Max=(X=1151.094 Y=86.989 Z=176.914) RuntimeGrid:None EditorOnly:0 RuntimeOnly:0 HLODRelevant:1
 |   |   |- [+] [ 20]
 |   |   |   |- Guid:E0A9CED44BC05CC55BCA28BCBE7F42B6 BaseClass: NativeClass:/Script/Engine.StaticMeshActor Name:StaticMeshActor_UAID_18C04DD86B77935601_1903087860 Label:sceneforUE_Cube_030 SpatiallyLoaded:1 Bounds:IsValid=true, Min=(X=369.891 Y=131.278 Z=51.450), Max=(X=405.719 Y=148.267 Z=77.238) RuntimeGrid:None EditorOnly:0 RuntimeOnly:0 HLODRelevant:1
 |   |   |- [+] [ 21]
 |   |   |   |- Guid:9BABDB314D872CEB9C2E76AD9A362E44 BaseClass: NativeClass:/Script/Diplom.ComponentOfMechanism Name:BP_Switch_C_UAID_18C04DD86B77BF5601_1999523600 Label:BP_Switch SpatiallyLoaded:1 Bounds:IsValid=true, Min=(X=180.790 Y=113.817 Z=185.562), Max=(X=212.690 Y=148.904 Z=213.975) RuntimeGrid:None EditorOnly:0 RuntimeOnly:0 HLODRelevant:0
 |   |   |- [+] [ 22]
 |   |   |   |- Guid:EF21477E44343D887F9B75B582D6D5E4 BaseClass: NativeClass:/Script/Diplom.ComponentOfMechanism Name:BP_Filter_C_UAID_18C04DD86B77BE5601_2077590416 Label:BP_Filter SpatiallyLoaded:1 Bounds:IsValid=true, Min=(X=306.744 Y=125.220 Z=168.353), Max=(X=353.803 Y=151.015 Z=210.101) RuntimeGrid:None EditorOnly:0 RuntimeOnly:0 HLODRelevant:0
 |   |   |- [+] [ 23]
 |   |   |   |- Guid:E886673240514807750123A5E171A244 BaseClass: NativeClass:/Script/Engine.StaticMeshActor Name:StaticMeshActor_UAID_18C04DD86B77935601_2019681876 Label:sceneforUE_Cube_049 SpatiallyLoaded:1 Bounds:IsValid=true, Min=(X=867.207 Y=61.847 Z=141.249), Max=(X=917.516 Y=86.989 Z=176.914) RuntimeGrid:None EditorOnly:0 RuntimeOnly:0 HLODRelevant:1
 |   |   |- [+] [ 24]
 |   |   |   |- Guid:39F9D7EE4FC9C9D9D969FDA8A718D118 BaseClass: NativeClass:/Script/Diplom.ComponentOfMechanism Name:BP_VentBox_C_UAID_18C04DD86B77935601_1777955847 Label:BP_VentBox SpatiallyLoaded:1 Bounds:IsValid=true, Min=(X=1212.651 Y=191.613 Z=25.568), Max=(X=1364.702 Y=537.211 Z=177.407) RuntimeGrid:None EditorOnly:0 RuntimeOnly:0 HLODRelevant:0
 |   |   |- [+] [ 25]
 |   |   |   |- Guid:E42407464BE89059C30D059FB5D07899 BaseClass:/Game/Mechanism/InteractableComponents/BP_PumpTeplo.BP_PumpTeplo_C NativeClass:/Script/Diplom.ComponentOfMechanism Name:BP_PumpTeplo_C_UAID_18C04DD86B77C15601_2059003946 Label:BP_PumpTeplo2 SpatiallyLoaded:1 Bounds:IsValid=true, Min=(X=1103.025 Y=167.499 Z=4.282), Max=(X=1166.372 Y=199.894 Z=43.914) RuntimeGrid:None EditorOnly:0 RuntimeOnly:0 HLODRelevant:0
 |   |   |- [+] [ 26]
 |   |   |   |- Guid:7A699BF944F9DAC273FB4FAD2236D7F8 BaseClass: NativeClass:/Script/Engine.SkyLight Name:SkyLight_0 Label:SkyLight SpatiallyLoaded:0 Bounds:IsValid=true, Min=(X=0.000 Y=0.000 Z=690.000), Max=(X=0.000 Y=0.000 Z=690.000) RuntimeGrid:None EditorOnly:0 RuntimeOnly:0 HLODRelevant:0 FolderPath:Lighting FolderGuid:D9E1224C415FCB205E4105B3245ADAAB
 |   |   |- [+] [ 27]
 |   |   |   |- Guid:3182A9E94D5D15B42956F8BE454C5325 BaseClass: NativeClass:/Script/Diplom.ComponentOfMechanism Name:BP_Vent_C_UAID_18C04DD86B77BE5601_1634813415 Label:BP_Vent SpatiallyLoaded:1 Bounds:IsValid=true, Min=(X=1218.917 Y=317.713 Z=29.870), Max=(X=1360.696 Y=414.026 Z=182.091) RuntimeGrid:None EditorOnly:0 RuntimeOnly:0 HLODRelevant:0
 |   |   |- [+] [ 28]
 |   |   |   |- Guid:150B415F4C6F6523DB1B8E8B7A511CD6 BaseClass: NativeClass:/Script/Engine.StaticMeshActor Name:StaticMeshActor_UAID_18C04DD86B77935601_2006340873 Label:sceneforUE_Cube_045 SpatiallyLoaded:1 Bounds:IsValid=true, Min=(X=676.484 Y=126.290 Z=47.290), Max=(X=718.245 Y=152.465 Z=73.235) RuntimeGrid:None EditorOnly:0 RuntimeOnly:0 HLODRelevant:1
 |   |   |- [+] [ 29]
 |   |   |   |- Guid:1B3F2ABE4364CEE0DF767A87F9EF3B3E BaseClass: NativeClass:/Script/Engine.RectLight Name:RectLight_UAID_18C04DD86B77625201_1707279004 Label:RectLight SpatiallyLoaded:1 Bounds:IsValid=true, Min=(X=-15273.000 Y=-15985.000 Z=-15788.000), Max=(X=17495.000 Y=16783.000 Z=16980.000) RuntimeGrid:None EditorOnly:0 RuntimeOnly:0 HLODRelevant:0
 |   |   |- [+] [ 30]
 |   |   |   |- Guid:E208C52541A999AFEAAF47BCD8081622 BaseClass: NativeClass:/Script/Engine.StaticMeshActor Name:StaticMeshActor_UAID_18C04DD86B77935601_2066000888 Label:sceneforUE_Cube_063 SpatiallyLoaded:1 Bounds:IsValid=true, Min=(X=1057.335 Y=89.301 Z=1.106), Max=(X=1121.814 Y=181.832 Z=13.683) RuntimeGrid:None EditorOnly:0 RuntimeOnly:0 HLODRelevant:1
 |   |   |- [+] [ 31]
 |   |   |   |- Guid:A62AF7F04CA25EAE9C62E9AE3B34F212 BaseClass: NativeClass:/Script/Engine.StaticMeshActor Name:StaticMeshActor_UAID_18C04DD86B778D5601_1158364793 Label:sceneforUE_Cube_006 SpatiallyLoaded:1 Bounds:IsValid=true, Min=(X=1241.706 Y=536.597 Z=51.816), Max=(X=1338.462 Y=750.524 Z=423.973) RuntimeGrid:None EditorOnly:0 RuntimeOnly:0 HLODRelevant:1
 |   |   |- [+] [ 32]
 |   |   |   |- Guid:F82C173F4845B139A3B980936BE4A9B7 BaseClass: NativeClass:/Script/Engine.StaticMeshActor Name:StaticMeshActor_UAID_18C04DD86B77935601_2015148875 Label:sceneforUE_Cube_048 SpatiallyLoaded:1 Bounds:IsValid=true, Min=(X=427.060 Y=125.383 Z=184.507), Max=(X=467.958 Y=151.018 Z=209.916) RuntimeGrid:None EditorOnly:0 RuntimeOnly:0 HLODRelevant:1
 |   |   |- [+] [ 33]
 |   |   |   |- Guid:B434206C4182D8546442C5A1B3B25E2C BaseClass: NativeClass:/Script/Diplom.ComponentOfMechanism Name:BP_Switch_C_UAID_18C04DD86B77BF5601_2104787604 Label:BP_Switch3 SpatiallyLoaded:1 Bounds:IsValid=true, Min=(X=412.137 Y=116.202 Z=121.300), Max=(X=444.037 Y=151.289 Z=149.713) RuntimeGrid:None EditorOnly:0 RuntimeOnly:0 HLODRelevant:0
 |   |   |- [+] [ 34]
 |   |   |   |- Guid:CDC290334FAA2557343A1181CA8C7F4B BaseClass: NativeClass:/Script/Engine.StaticMeshActor Name:StaticMeshActor_2 Label:SM_Cube2 SpatiallyLoaded:1 Bounds:IsValid=true, Min=(X=0.000 Y=-35.000 Z=0.000), Max=(X=1425.000 Y=65.000 Z=675.000) RuntimeGrid:None EditorOnly:0 RuntimeOnly:0 HLODRelevant:1 FolderPath:Playground FolderGuid:CDC3EA2D424DF73175D386948543BF31
 |   |   |- [+] [ 35]
 |   |   |   |- Guid:9FC0E5A04B5C426BD8398396952183D3 BaseClass: NativeClass:/Script/Engine.StaticMeshActor Name:StaticMeshActor_0 Label:SM_Cube SpatiallyLoaded:1 Bounds:IsValid=true, Min=(X=0.000 Y=0.000 Z=-50.000), Max=(X=1425.000 Y=725.000 Z=0.000) RuntimeGrid:None EditorOnly:0 RuntimeOnly:0 HLODRelevant:1 FolderPath:Playground FolderGuid:CDC3EA2D424DF73175D386948543BF31
 |   |   |- [+] [ 36]
 |   |   |   |- Guid:6E35A9EA4451E52896E96CB3E865F65E BaseClass:/Game/Mechanism/InteractableComponents/BP_PumpTeplo.BP_PumpTeplo_C NativeClass:/Script/Diplom.ComponentOfMechanism Name:BP_PumpTeplo_C_UAID_18C04DD86B77C15601_1767545943 Label:BP_PumpTeplo SpatiallyLoaded:1 Bounds:IsValid=true, Min=(X=573.453 Y=126.963 Z=180.195), Max=(X=636.800 Y=166.534 Z=212.570) RuntimeGrid:None EditorOnly:0 RuntimeOnly:0 HLODRelevant:0
 |   |   |- [+] [ 37]
 |   |   |   |- Guid:6E3D4A70470C8368BE2BC8BA9F148ACE BaseClass: NativeClass:/Script/Diplom.ComponentOfMechanism Name:BP_Filter_C_UAID_18C04DD86B77BF5601_1293963595 Label:BP_Filter2 SpatiallyLoaded:1 Bounds:IsValid=true, Min=(X=450.534 Y=126.830 Z=104.675), Max=(X=497.593 Y=152.625 Z=146.423) RuntimeGrid:None EditorOnly:0 RuntimeOnly:0 HLODRelevant:0
 |   |   |- [+] [ 38]
 |   |   |   |- Guid:A193674B480A39A47551D39FB4DFCD99 BaseClass: NativeClass:/Script/Engine.StaticMeshActor Name:StaticMeshActor_UAID_A4AE111137DC5FFB00_1159438599 Label:SM_SkySphere SpatiallyLoaded:1 Bounds:IsValid=true, Min=(X=-1638400.000 Y=-1638400.000 Z=-1638400.000), Max=(X=1638400.000 Y=1638400.000 Z=1638400.000) RuntimeGrid:None EditorOnly:0 RuntimeOnly:0 HLODRelevant:1 FolderPath:Lighting FolderGuid:D9E1224C415FCB205E4105B3245ADAAB
 |   |   |- [+] [ 39]
 |   |   |   |- Guid:788A832D4440EFEB2DE952A6B29EFD65 BaseClass: NativeClass:/Script/Engine.StaticMeshActor Name:StaticMeshActor_UAID_18C04DD86B77935601_2114281901 Label:sceneforUE_Cube_007 SpatiallyLoaded:1 Bounds:IsValid=true, Min=(X=1215.708 Y=-25.428 Z=25.376), Max=(X=1364.521 Y=196.973 Z=174.188) RuntimeGrid:None EditorOnly:0 RuntimeOnly:0 HLODRelevant:1
 |   |   |- [+] [ 40]
 |   |   |   |- Guid:266836F144FA2767EA2991A084FC7C51 BaseClass: NativeClass:/Script/Engine.StaticMeshActor Name:StaticMeshActor_8 Label:SM_Cube6 SpatiallyLoaded:1 Bounds:IsValid=true, Min=(X=1400.000 Y=65.000 Z=0.000), Max=(X=1500.000 Y=740.000 Z=675.000) RuntimeGrid:None EditorOnly:0 RuntimeOnly:0 HLODRelevant:1 FolderPath:Playground FolderGuid:CDC3EA2D424DF73175D386948543BF31
 |   |   |- [+] [ 41]
 |   |   |   |- Guid:DE79D331464EEFE023B53883F50C9537 BaseClass: NativeClass:/Script/Engine.StaticMeshActor Name:StaticMeshActor_UAID_18C04DD86B77935601_1990132870 Label:sceneforUE_Cube_041 SpatiallyLoaded:1 Bounds:IsValid=true, Min=(X=221.753 Y=124.577 Z=184.445), Max=(X=263.513 Y=150.752 Z=210.390) RuntimeGrid:None EditorOnly:0 RuntimeOnly:0 HLODRelevant:1
 |   |   |- [+] [ 42]
 |   |   |   |- Guid:A5FCDC664219DC8AAD6D739ADEF9C627 BaseClass: NativeClass:/Script/Engine.PlayerStart Name:PlayerStart_0 Label:PlayerStart SpatiallyLoaded:0 Bounds:IsValid=true, Min=(X=475.647 Y=486.647 Z=0.013), Max=(X=588.353 Y=599.353 Z=184.013) RuntimeGrid:None EditorOnly:0 RuntimeOnly:0 HLODRelevant:0
 |   |   |- [+] [ 43]
 |   |   |   |- Guid:61CD2C544CB1DD70F453BFA73A670C2D BaseClass: NativeClass:/Script/Diplom.ComponentOfMechanism Name:BP_Switch_C_UAID_18C04DD86B77BF5601_2075657603 Label:BP_Switch2 SpatiallyLoaded:1 Bounds:IsValid=true, Min=(X=180.790 Y=116.202 Z=48.655), Max=(X=212.690 Y=151.289 Z=77.069) RuntimeGrid:None EditorOnly:0 RuntimeOnly:0 HLODRelevant:0
 |   |   |- [+] [ 44]
 |   |   |   |- Guid:D9FB529F42D1DC0B049F259BA01E4357 BaseClass: NativeClass:/Script/Engine.StaticMeshActor Name:StaticMeshActor_UAID_18C04DD86B77935601_1896948859 Label:sceneforUE_Cube_029 SpatiallyLoaded:1 Bounds:IsValid=true, Min=(X=504.959 Y=130.027 Z=180.884), Max=(X=540.787 Y=147.017 Z=206.673) RuntimeGrid:None EditorOnly:0 RuntimeOnly:0 HLODRelevant:1
 |   |   |- [+] [ 45]
 |   |   |   |- Guid:5DD9D960462E50D32ECC0BABD89DF168 BaseClass: NativeClass:/Script/Engine.StaticMeshActor Name:StaticMeshActor_UAID_18C04DD86B77935601_2030298878 Label:sceneforUE_Cube_051 SpatiallyLoaded:1 Bounds:IsValid=true, Min=(X=855.741 Y=128.354 Z=38.252), Max=(X=885.945 Y=150.792 Z=71.014) RuntimeGrid:None EditorOnly:0 RuntimeOnly:0 HLODRelevant:1
 |   |   |- [+] [ 46]
 |   |   |   |- Guid:97FF78FB4EC8F13EF6751DB180B1CE46 BaseClass: NativeClass:/Script/Engine.DirectionalLight Name:DirectionalLight_0 Label:DirectionalLight SpatiallyLoaded:0 Bounds:IsValid=true, Min=(X=-1048576.000 Y=-1048576.000 Z=-1048576.000), Max=(X=1048576.000 Y=1048576.000 Z=1048576.000) RuntimeGrid:None EditorOnly:0 RuntimeOnly:0 HLODRelevant:0 FolderPath:Lighting FolderGuid:D9E1224C415FCB205E4105B3245ADAAB
 |   |   |- [+] [ 47]
 |   |   |   |- Guid:36E713E54ED7EC366EA5C89DE0C26F66 BaseClass: NativeClass:/Script/Engine.StaticMeshActor Name:StaticMeshActor_UAID_18C04DD86B77935601_1922813863 Label:sceneforUE_Cube_034 SpatiallyLoaded:1 Bounds:IsValid=true, Min=(X=377.411 Y=128.847 Z=113.425), Max=(X=409.152 Y=150.586 Z=142.689) RuntimeGrid:None EditorOnly:0 RuntimeOnly:0 HLODRelevant:1
 |   |   |- [+] [ 48]
 |   |   |   |- Guid:21E6EC414D18F90B7BF8E19D16BF4867 BaseClass: NativeClass:/Script/Diplom.ComponentOfMechanism Name:Testik_C_UAID_18C04DD86B778D5601_1329684797 Label:Testik SpatiallyLoaded:1 Bounds:IsValid=true, Min=(X=394.980 Y=124.936 Z=184.258), Max=(X=427.247 Y=150.728 Z=229.513) RuntimeGrid:None EditorOnly:0 RuntimeOnly:0 HLODRelevant:0
 |   |   |- [+] [ 49]
 |   |   |   |- Guid:47A552B84C06E6C20A2A7F9F29429D25 BaseClass: NativeClass:/Script/Diplom.ComponentOfMechanism Name:BP_Shtorki_C_UAID_18C04DD86B77D95601_1700156167 Label:BP_Shtorki SpatiallyLoaded:1 Bounds:IsValid=true, Min=(X=1216.514 Y=188.947 Z=27.186), Max=(X=1363.082 Y=193.693 Z=170.009) RuntimeGrid:None EditorOnly:0 RuntimeOnly:0 HLODRelevant:0
 |   |   |- [+] [ 50]
 |   |   |   |- Guid:B508F44440825D4CC2CF5586685300AD BaseClass: NativeClass:/Script/Engine.StaticMeshActor Name:StaticMeshActor_UAID_18C04DD86B77935601_2001901872 Label:sceneforUE_Cube_044 SpatiallyLoaded:1 Bounds:IsValid=true, Min=(X=223.004 Y=126.726 Z=47.556), Max=(X=264.765 Y=152.901 Z=73.501) RuntimeGrid:None EditorOnly:0 RuntimeOnly:0 HLODRelevant:1
 |   |   |- [+] [ 51]
 |   |   |   |- Guid:504BBE794EA12881EFB8098567888ACA BaseClass: NativeClass:/Script/Diplom.ComponentOfMechanism Name:BP_Expander_C_UAID_18C04DD86B77BF5601_1591095596 Label:BP_Expander SpatiallyLoaded:1 Bounds:IsValid=true, Min=(X=263.555 Y=124.642 Z=170.154), Max=(X=306.682 Y=151.656 Z=211.583) RuntimeGrid:None EditorOnly:0 RuntimeOnly:0 HLODRelevant:0
 |   |   |- [+] [ 52]
 |   |   |   |- Guid:EB227244421CFA8105A752A14DBE10FA BaseClass: NativeClass:/Script/Engine.StaticMeshActor Name:StaticMeshActor_UAID_18C04DD86B77935601_1867072853 Label:sceneforUE_Cube_023 SpatiallyLoaded:1 Bounds:IsValid=true, Min=(X=1024.779 Y=130.157 Z=6.750), Max=(X=1060.606 Y=155.945 Z=23.740) RuntimeGrid:None EditorOnly:0 RuntimeOnly:0 HLODRelevant:1
 |   |   |- [+] [ 53]
 |   |   |   |- Guid:6589B6F846E7CF150280A9A18D8587DC BaseClass: NativeClass:/Script/Engine.StaticMeshActor Name:StaticMeshActor_UAID_18C04DD86B77935601_1931017865 Label:sceneforUE_Cube_036 SpatiallyLoaded:1 Bounds:IsValid=true, Min=(X=735.059 Y=128.130 Z=87.718), Max=(X=757.020 Y=157.692 Z=119.782) RuntimeGrid:None EditorOnly:0 RuntimeOnly:0 HLODRelevant:1
 |   |   |- [+] [ 54]
 |   |   |   |- Guid:13F40C7241F9A80D3E971DBC21FCAFB0 BaseClass: NativeClass:/Script/Engine.SkyAtmosphere Name:SkyAtmosphere_0 Label:SkyAtmosphere SpatiallyLoaded:0 Bounds:IsValid=true, Min=(X=0.000 Y=0.000 Z=1020.000), Max=(X=0.000 Y=0.000 Z=1020.000) RuntimeGrid:None EditorOnly:0 RuntimeOnly:0 HLODRelevant:0 FolderPath:Lighting FolderGuid:D9E1224C415FCB205E4105B3245ADAAB
 |   |   |- [+] [ 55]
 |   |   |   |- Guid:22C4F1724348A3818BBA0A939CA01B63 BaseClass: NativeClass:/Script/Engine.WorldDataLayers Name:WorldDataLayers Label:None SpatiallyLoaded:0 Bounds:IsValid=true, Min=(X=0.000 Y=0.000 Z=0.000), Max=(X=0.000 Y=0.000 Z=0.000) RuntimeGrid:None EditorOnly:0 RuntimeOnly:0 HLODRelevant:0
 |   |   |- [+] [ 56]
 |   |   |   |- Guid:61AF31314592AC2C4BA3B0B529DED5F4 BaseClass: NativeClass:/Script/Engine.StaticMeshActor Name:StaticMeshActor_UAID_18C04DD86B77935601_1934626866 Label:sceneforUE_Cube_037 SpatiallyLoaded:1 Bounds:IsValid=true, Min=(X=736.400 Y=172.027 Z=49.884), Max=(X=766.723 Y=194.553 Z=82.774) RuntimeGrid:None EditorOnly:0 RuntimeOnly:0 HLODRelevant:1
 |   |   |- [+] [ 57]
 |   |   |   |- Guid:C046B72742196A253AF79D8579AD89C5 BaseClass: NativeClass:/Script/Engine.StaticMeshActor Name:StaticMeshActor_UAID_18C04DD86B77935601_2010988874 Label:sceneforUE_Cube_046 SpatiallyLoaded:1 Bounds:IsValid=true, Min=(X=767.259 Y=170.054 Z=47.761), Max=(X=809.019 Y=196.229 Z=73.706) RuntimeGrid:None EditorOnly:0 RuntimeOnly:0 HLODRelevant:1
 |   |   |- [+] [ 58]
 |   |   |   |- Guid:F7ECB91B42B48AD200617791BB6C22A6 BaseClass: NativeClass:/Script/Engine.StaticMeshActor Name:StaticMeshActor_UAID_18C04DD86B77625201_1428605999 Label:SM_Cube4 SpatiallyLoaded:1 Bounds:IsValid=true, Min=(X=10.000 Y=0.000 Z=600.000), Max=(X=1435.000 Y=725.000 Z=650.000) RuntimeGrid:None EditorOnly:0 RuntimeOnly:0 HLODRelevant:1 FolderPath:Playground FolderGuid:CDC3EA2D424DF73175D386948543BF31
 |   |   |- [+] [ 59]
 |   |   |   |- Guid:6ECFD53A48D5ED95FC47E1AC226AD0DB BaseClass: NativeClass:/Script/Engine.StaticMeshActor Name:StaticMeshActor_UAID_18C04DD86B77935601_2059482886 Label:sceneforUE_Cube_061 SpatiallyLoaded:1 Bounds:IsValid=true, Min=(X=1057.957 Y=65.484 Z=3.537), Max=(X=1099.997 Y=102.266 Z=160.926) RuntimeGrid:None EditorOnly:0 RuntimeOnly:0 HLODRelevant:1
 |   |   |- [+] [ 60]
 |   |   |   |- Guid:22E808ED41C644731A7D0B9053B6AF71 BaseClass: NativeClass:/Script/Diplom.ComponentOfMechanism Name:BP_TrehKlapan_C_UAID_18C04DD86B77C25601_1465738123 Label:BP_TrehKlapan SpatiallyLoaded:1 Bounds:IsValid=true, Min=(X=1025.519 Y=165.867 Z=5.548), Max=(X=1062.600 Y=193.396 Z=31.128) RuntimeGrid:None EditorOnly:0 RuntimeOnly:0 HLODRelevant:0
 |   |   |- [+] [ 61]
 |   |   |   |- Guid:BDD6866F44E3191EB0A87D989B5C2654 BaseClass: NativeClass:/Script/GeometryCache.GeometryCacheActor Name:GeometryCacheActor_UAID_18C04DD86B77D17701_1607160609 Label:fluid1 SpatiallyLoaded:1 Bounds:IsValid=true, Min=(X=905.580 Y=315.028 Z=24.530), Max=(X=915.797 Y=325.146 Z=375.747) RuntimeGrid:None EditorOnly:0 RuntimeOnly:0 HLODRelevant:0
 |- ContainerInstances:
 |- [+] MainContainer:
 |   |-        ID: 0x0000000000000000
 |   |-    Bounds: IsValid=false, Min=(X=0.000 Y=0.000 Z=0.000), Max=(X=0.000 Y=0.000 Z=0.000)
 |   |- Transform: 0.000000,0.000000,0.000000|0.000000,0.000000,-0.000000|1.000000,1.000000,1.000000
 |   |- Container: /Game/FirstPerson/Maps/FirstPersonMap
----------------------------------------------------------------------------------------------------------------
FirstPersonMap - Persistent Level
----------------------------------------------------------------------------------------------------------------
Always loaded Actor Count: 70 

----------------------------------------------------------------------------------------------------------------
FirstPersonMap - Runtime Spatial Hash - Streaming Grid - MainGrid
----------------------------------------------------------------------------------------------------------------
            Origin: X=0.000 Y=0.000 Z=0.000
         Cell Size: 12800
      World Bounds: IsValid=false, Min=(X=0.000 Y=0.000 Z=0.000), Max=(X=0.000 Y=0.000 Z=0.000)
     Loading Range: 25600.00
Block Slow Loading: No
 ClientOnlyVisible: No

[+] Grid Levels: 1
 |- Level  0: Cell Count    0 | Cell Size   12800 | Actor Count    0 (0.0%)

[+] Content of Grid Level 0

